# JRE version: Java(TM) SE Runtime Environment (8.0_261-b12) (build 1.8.0_261-b12)
# Java VM: Java HotSpot(TM) 64-Bit Server VM (25.261-b12 mixed mode windows-amd64 compressed oops)
Heap:
 PSYoungGen      total 642048K, used 615111K [0x00000000d5580000, 0x0000000100000000, 0x0000000100000000)
  eden space 584704K, 100% used [0x00000000d5580000,0x00000000f9080000,0x00000000f9080000)
  from space 57344K, 53% used [0x00000000fc800000,0x00000000fe5b1e18,0x0000000100000000)
  to   space 56832K, 0% used [0x00000000f9080000,0x00000000f9080000,0x00000000fc800000)
 ParOldGen       total 241664K, used 144883K [0x0000000080000000, 0x000000008ec00000, 0x00000000d5580000)
  object space 241664K, 59% used [0x0000000080000000,0x0000000088d7cc38,0x000000008ec00000)
 Metaspace       used 173569K, capacity 181224K, committed 183296K, reserved 1208320K
  class space    used 22878K, capacity 24320K, committed 24832K, reserved 1048576K
GC Heap History (10 events):
Event: 13587.057 GC heap before
{Heap before GC invocations=37 (full 7):
 PSYoungGen      total 604672K, used 588288K [0x00000000d5580000, 0x00000000ffb00000, 0x0000000100000000)
  eden space 588288K, 100% used [0x00000000d5580000,0x00000000f9400000,0x00000000f9400000)
  from space 16384K, 0% used [0x00000000f9400000,0x00000000f9400000,0x00000000fa400000)
  to   space 52736K, 0% used [0x00000000fc780000,0x00000000fc780000,0x00000000ffb00000)
 ParOldGen       total 241664K, used 139244K [0x0000000080000000, 0x000000008ec00000, 0x00000000d5580000)
  object space 241664K, 57% used [0x0000000080000000,0x00000000887fb038,0x000000008ec00000)
 Metaspace       used 173332K, capacity 181004K, committed 183296K, reserved 1208320K
  class space    used 22873K, capacity 24318K, committed 24832K, reserved 1048576K
Event: 13587.123 GC heap after
Heap after GC invocations=37 (full 7):
 PSYoungGen      total 642560K, used 14472K [0x00000000d5580000, 0x0000000100000000, 0x0000000100000000)
  eden space 589824K, 0% used [0x00000000d5580000,0x00000000d5580000,0x00000000f9580000)
  from space 52736K, 27% used [0x00000000fc780000,0x00000000fd5a2058,0x00000000ffb00000)
  to   space 51200K, 0% used [0x00000000f9580000,0x00000000f9580000,0x00000000fc780000)
 ParOldGen       total 241664K, used 139244K [0x0000000080000000, 0x000000008ec00000, 0x00000000d5580000)
  object space 241664K, 57% used [0x0000000080000000,0x00000000887fb038,0x000000008ec00000)
 Metaspace       used 173332K, capacity 181004K, committed 183296K, reserved 1208320K
  class space    used 22873K, capacity 24318K, committed 24832K, reserved 1048576K
}
Event: 13592.226 GC heap before
{Heap before GC invocations=38 (full 7):
 PSYoungGen      total 642560K, used 604296K [0x00000000d5580000, 0x0000000100000000, 0x0000000100000000)
  eden space 589824K, 100% used [0x00000000d5580000,0x00000000f9580000,0x00000000f9580000)
  from space 52736K, 27% used [0x00000000fc780000,0x00000000fd5a2058,0x00000000ffb00000)
  to   space 51200K, 0% used [0x00000000f9580000,0x00000000f9580000,0x00000000fc780000)
 ParOldGen       total 241664K, used 139244K [0x0000000080000000, 0x000000008ec00000, 0x00000000d5580000)
  object space 241664K, 57% used [0x0000000080000000,0x00000000887fb038,0x000000008ec00000)
 Metaspace       used 173429K, capacity 181084K, committed 183296K, reserved 1208320K
  class space    used 22874K, capacity 24320K, committed 24832K, reserved 1048576K
Event: 13592.299 GC heap after
Heap after GC invocations=38 (full 7):
 PSYoungGen      total 641024K, used 16415K [0x00000000d5580000, 0x00000000ffa80000, 0x0000000100000000)
  eden space 589824K, 0% used [0x00000000d5580000,0x00000000d5580000,0x00000000f9580000)
  from space 51200K, 32% used [0x00000000f9580000,0x00000000fa587d70,0x00000000fc780000)
  to   space 49152K, 0% used [0x00000000fca80000,0x00000000fca80000,0x00000000ffa80000)
 ParOldGen       total 241664K, used 139244K [0x0000000080000000, 0x000000008ec00000, 0x00000000d5580000)
  object space 241664K, 57% used [0x0000000080000000,0x00000000887fb038,0x000000008ec00000)
 Metaspace       used 173429K, capacity 181084K, committed 183296K, reserved 1208320K
  class space    used 22874K, capacity 24320K, committed 24832K, reserved 1048576K
}
Event: 13596.431 GC heap before
{Heap before GC invocations=39 (full 7):
 PSYoungGen      total 641024K, used 606239K [0x00000000d5580000, 0x00000000ffa80000, 0x0000000100000000)
  eden space 589824K, 100% used [0x00000000d5580000,0x00000000f9580000,0x00000000f9580000)
  from space 51200K, 32% used [0x00000000f9580000,0x00000000fa587d70,0x00000000fc780000)
  to   space 49152K, 0% used [0x00000000fca80000,0x00000000fca80000,0x00000000ffa80000)
 ParOldGen       total 241664K, used 139244K [0x0000000080000000, 0x000000008ec00000, 0x00000000d5580000)
  object space 241664K, 57% used [0x0000000080000000,0x00000000887fb038,0x000000008ec00000)
 Metaspace       used 173462K, capacity 181088K, committed 183296K, reserved 1208320K
  class space    used 22877K, capacity 24320K, committed 24832K, reserved 1048576K
Event: 13596.544 GC heap after
Heap after GC invocations=39 (full 7):
 PSYoungGen      total 641536K, used 35180K [0x00000000d5580000, 0x0000000100000000, 0x0000000100000000)
  eden space 592384K, 0% used [0x00000000d5580000,0x00000000d5580000,0x00000000f9800000)
  from space 49152K, 71% used [0x00000000fca80000,0x00000000fecdb280,0x00000000ffa80000)
  to   space 51712K, 0% used [0x00000000f9800000,0x00000000f9800000,0x00000000fca80000)
 ParOldGen       total 241664K, used 139244K [0x0000000080000000, 0x000000008ec00000, 0x00000000d5580000)
  object space 241664K, 57% used [0x0000000080000000,0x00000000887fb038,0x000000008ec00000)
 Metaspace       used 173462K, capacity 181088K, committed 183296K, reserved 1208320K
  class space    used 22877K, capacity 24320K, committed 24832K, reserved 1048576K
}
Event: 13600.543 GC heap before
{Heap before GC invocations=40 (full 7):
 PSYoungGen      total 641536K, used 627564K [0x00000000d5580000, 0x0000000100000000, 0x0000000100000000)
  eden space 592384K, 100% used [0x00000000d5580000,0x00000000f9800000,0x00000000f9800000)
  from space 49152K, 71% used [0x00000000fca80000,0x00000000fecdb280,0x00000000ffa80000)
  to   space 51712K, 0% used [0x00000000f9800000,0x00000000f9800000,0x00000000fca80000)
 ParOldGen       total 241664K, used 139244K [0x0000000080000000, 0x000000008ec00000, 0x00000000d5580000)
  object space 241664K, 57% used [0x0000000080000000,0x00000000887fb038,0x000000008ec00000)
 Metaspace       used 173502K, capacity 181156K, committed 183296K, reserved 1208320K
  class space    used 22877K, capacity 24320K, committed 24832K, reserved 1048576K
Event: 13600.855 GC heap after
Heap after GC invocations=40 (full 7):
 PSYoungGen      total 641536K, used 48892K [0x00000000d5580000, 0x0000000100000000, 0x0000000100000000)
  eden space 592384K, 0% used [0x00000000d5580000,0x00000000d5580000,0x00000000f9800000)
  from space 49152K, 99% used [0x00000000f9800000,0x00000000fc7bf160,0x00000000fc800000)
  to   space 57344K, 0% used [0x00000000fc800000,0x00000000fc800000,0x0000000100000000)
 ParOldGen       total 241664K, used 139244K [0x0000000080000000, 0x000000008ec00000, 0x00000000d5580000)
  object space 241664K, 57% used [0x0000000080000000,0x00000000887fb038,0x000000008ec00000)
 Metaspace       used 173502K, capacity 181156K, committed 183296K, reserved 1208320K
  class space    used 22877K, capacity 24320K, committed 24832K, reserved 1048576K
}
Event: 13607.782 GC heap before
{Heap before GC invocations=41 (full 7):
 PSYoungGen      total 641536K, used 641276K [0x00000000d5580000, 0x0000000100000000, 0x0000000100000000)
  eden space 592384K, 100% used [0x00000000d5580000,0x00000000f9800000,0x00000000f9800000)
  from space 49152K, 99% used [0x00000000f9800000,0x00000000fc7bf160,0x00000000fc800000)
  to   space 57344K, 0% used [0x00000000fc800000,0x00000000fc800000,0x0000000100000000)
 ParOldGen       total 241664K, used 139244K [0x0000000080000000, 0x000000008ec00000, 0x00000000d5580000)
  object space 241664K, 57% used [0x0000000080000000,0x00000000887fb038,0x000000008ec00000)
 Metaspace       used 173515K, capacity 181156K, committed 183296K, reserved 1208320K
  class space    used 22877K, capacity 24320K, committed 24832K, reserved 1048576K
Event: 13607.872 GC heap after
Heap after GC invocations=41 (full 7):
 PSYoungGen      total 642048K, used 30407K [0x00000000d5580000, 0x0000000100000000, 0x0000000100000000)
  eden space 584704K, 0% used [0x00000000d5580000,0x00000000d5580000,0x00000000f9080000)
  from space 57344K, 53% used [0x00000000fc800000,0x00000000fe5b1e18,0x0000000100000000)
  to   space 56832K, 0% used [0x00000000f9080000,0x00000000f9080000,0x00000000fc800000)
 ParOldGen       total 241664K, used 144883K [0x0000000080000000, 0x000000008ec00000, 0x00000000d5580000)
  object space 241664K, 59% used [0x0000000080000000,0x0000000088d7cc38,0x000000008ec00000)
 Metaspace       used 173515K, capacity 181156K, committed 183296K, reserved 1208320K
  class space    used 22877K, capacity 24320K, committed 24832K, reserved 1048576K
}

