# JRE version: Java(TM) SE Runtime Environment (8.0_261-b12) (build 1.8.0_261-b12)
# Java VM: Java HotSpot(TM) 64-Bit Server VM (25.261-b12 mixed mode windows-amd64 compressed oops)
Heap:
 PSYoungGen      total 376320K, used 130329K [0x00000000d5580000, 0x00000000f2a00000, 0x0000000100000000)
  eden space 274944K, 10% used [0x00000000d5580000,0x00000000d71cc2f0,0x00000000e6200000)
  from space 101376K, 99% used [0x00000000ec700000,0x00000000f29fa420,0x00000000f2a00000)
  to   space 102400K, 0% used [0x00000000e6200000,0x00000000e6200000,0x00000000ec600000)
 ParOldGen       total 235008K, used 134031K [0x0000000080000000, 0x000000008e580000, 0x00000000d5580000)
  object space 235008K, 57% used [0x0000000080000000,0x00000000882e3c48,0x000000008e580000)
 Metaspace       used 117743K, capacity 124130K, committed 124416K, reserved 1157120K
  class space    used 15645K, capacity 16820K, committed 16896K, reserved 1048576K
GC Heap History (10 events):
Event: 1483.965 GC heap before
{Heap before GC invocations=38 (full 6):
 PSYoungGen      total 304128K, used 248981K [0x00000000d5580000, 0x00000000f2c00000, 0x0000000100000000)
  eden space 235520K, 100% used [0x00000000d5580000,0x00000000e3b80000,0x00000000e3b80000)
  from space 68608K, 19% used [0x00000000e3b80000,0x00000000e48a5430,0x00000000e7e80000)
  to   space 114688K, 0% used [0x00000000ebc00000,0x00000000ebc00000,0x00000000f2c00000)
 ParOldGen       total 235008K, used 81665K [0x0000000080000000, 0x000000008e580000, 0x00000000d5580000)
  object space 235008K, 34% used [0x0000000080000000,0x0000000084fc07d0,0x000000008e580000)
 Metaspace       used 116760K, capacity 122986K, committed 123264K, reserved 1155072K
  class space    used 15520K, capacity 16714K, committed 16768K, reserved 1048576K
Event: 1484.029 GC heap after
Heap after GC invocations=38 (full 6):
 PSYoungGen      total 356864K, used 23913K [0x00000000d5580000, 0x00000000f2300000, 0x0000000100000000)
  eden space 251392K, 0% used [0x00000000d5580000,0x00000000d5580000,0x00000000e4b00000)
  from space 105472K, 22% used [0x00000000ebc00000,0x00000000ed35a788,0x00000000f2300000)
  to   space 110592K, 0% used [0x00000000e4b00000,0x00000000e4b00000,0x00000000eb700000)
 ParOldGen       total 235008K, used 81673K [0x0000000080000000, 0x000000008e580000, 0x00000000d5580000)
  object space 235008K, 34% used [0x0000000080000000,0x0000000084fc27d0,0x000000008e580000)
 Metaspace       used 116760K, capacity 122986K, committed 123264K, reserved 1155072K
  class space    used 15520K, capacity 16714K, committed 16768K, reserved 1048576K
}
Event: 1485.040 GC heap before
{Heap before GC invocations=39 (full 6):
 PSYoungGen      total 356864K, used 275305K [0x00000000d5580000, 0x00000000f2300000, 0x0000000100000000)
  eden space 251392K, 100% used [0x00000000d5580000,0x00000000e4b00000,0x00000000e4b00000)
  from space 105472K, 22% used [0x00000000ebc00000,0x00000000ed35a788,0x00000000f2300000)
  to   space 110592K, 0% used [0x00000000e4b00000,0x00000000e4b00000,0x00000000eb700000)
 ParOldGen       total 235008K, used 81673K [0x0000000080000000, 0x000000008e580000, 0x00000000d5580000)
  object space 235008K, 34% used [0x0000000080000000,0x0000000084fc27d0,0x000000008e580000)
 Metaspace       used 116779K, capacity 123056K, committed 123264K, reserved 1155072K
  class space    used 15523K, capacity 16715K, committed 16768K, reserved 1048576K
Event: 1485.110 GC heap after
Heap after GC invocations=39 (full 6):
 PSYoungGen      total 361984K, used 47688K [0x00000000d5580000, 0x00000000f2f00000, 0x0000000100000000)
  eden space 251392K, 0% used [0x00000000d5580000,0x00000000d5580000,0x00000000e4b00000)
  from space 110592K, 43% used [0x00000000e4b00000,0x00000000e79921c0,0x00000000eb700000)
  to   space 106496K, 0% used [0x00000000ec700000,0x00000000ec700000,0x00000000f2f00000)
 ParOldGen       total 235008K, used 81681K [0x0000000080000000, 0x000000008e580000, 0x00000000d5580000)
  object space 235008K, 34% used [0x0000000080000000,0x0000000084fc47d0,0x000000008e580000)
 Metaspace       used 116779K, capacity 123056K, committed 123264K, reserved 1155072K
  class space    used 15523K, capacity 16715K, committed 16768K, reserved 1048576K
}
Event: 1487.937 GC heap before
{Heap before GC invocations=40 (full 6):
 PSYoungGen      total 361984K, used 299080K [0x00000000d5580000, 0x00000000f2f00000, 0x0000000100000000)
  eden space 251392K, 100% used [0x00000000d5580000,0x00000000e4b00000,0x00000000e4b00000)
  from space 110592K, 43% used [0x00000000e4b00000,0x00000000e79921c0,0x00000000eb700000)
  to   space 106496K, 0% used [0x00000000ec700000,0x00000000ec700000,0x00000000f2f00000)
 ParOldGen       total 235008K, used 81681K [0x0000000080000000, 0x000000008e580000, 0x00000000d5580000)
  object space 235008K, 34% used [0x0000000080000000,0x0000000084fc47d0,0x000000008e580000)
 Metaspace       used 117477K, capacity 123838K, committed 124160K, reserved 1157120K
  class space    used 15616K, capacity 16802K, committed 16896K, reserved 1048576K
Event: 1488.107 GC heap after
Heap after GC invocations=40 (full 6):
 PSYoungGen      total 376320K, used 47243K [0x00000000d5580000, 0x00000000f2a00000, 0x0000000100000000)
  eden space 274944K, 0% used [0x00000000d5580000,0x00000000d5580000,0x00000000e6200000)
  from space 101376K, 46% used [0x00000000ec700000,0x00000000ef522d98,0x00000000f2a00000)
  to   space 102400K, 0% used [0x00000000e6200000,0x00000000e6200000,0x00000000ec600000)
 ParOldGen       total 235008K, used 81689K [0x0000000080000000, 0x000000008e580000, 0x00000000d5580000)
  object space 235008K, 34% used [0x0000000080000000,0x0000000084fc67d0,0x000000008e580000)
 Metaspace       used 117477K, capacity 123838K, committed 124160K, reserved 1157120K
  class space    used 15616K, capacity 16802K, committed 16896K, reserved 1048576K
}
Event: 1490.119 GC heap before
{Heap before GC invocations=41 (full 6):
 PSYoungGen      total 376320K, used 322187K [0x00000000d5580000, 0x00000000f2a00000, 0x0000000100000000)
  eden space 274944K, 100% used [0x00000000d5580000,0x00000000e6200000,0x00000000e6200000)
  from space 101376K, 46% used [0x00000000ec700000,0x00000000ef522d98,0x00000000f2a00000)
  to   space 102400K, 0% used [0x00000000e6200000,0x00000000e6200000,0x00000000ec600000)
 ParOldGen       total 235008K, used 81689K [0x0000000080000000, 0x000000008e580000, 0x00000000d5580000)
  object space 235008K, 34% used [0x0000000080000000,0x0000000084fc67d0,0x000000008e580000)
 Metaspace       used 117519K, capacity 123852K, committed 124160K, reserved 1157120K
  class space    used 15617K, capacity 16803K, committed 16896K, reserved 1048576K
Event: 1491.124 GC heap after
Heap after GC invocations=41 (full 6):
 PSYoungGen      total 377344K, used 102398K [0x00000000d5580000, 0x00000000f2a00000, 0x0000000100000000)
  eden space 274944K, 0% used [0x00000000d5580000,0x00000000d5580000,0x00000000e6200000)
  from space 102400K, 99% used [0x00000000e6200000,0x00000000ec5ffa60,0x00000000ec600000)
  to   space 101376K, 0% used [0x00000000ec700000,0x00000000ec700000,0x00000000f2a00000)
 ParOldGen       total 235008K, used 90173K [0x0000000080000000, 0x000000008e580000, 0x00000000d5580000)
  object space 235008K, 38% used [0x0000000080000000,0x000000008580f5a8,0x000000008e580000)
 Metaspace       used 117519K, capacity 123852K, committed 124160K, reserved 1157120K
  class space    used 15617K, capacity 16803K, committed 16896K, reserved 1048576K
}
Event: 1493.152 GC heap before
{Heap before GC invocations=42 (full 6):
 PSYoungGen      total 377344K, used 377342K [0x00000000d5580000, 0x00000000f2a00000, 0x0000000100000000)
  eden space 274944K, 100% used [0x00000000d5580000,0x00000000e6200000,0x00000000e6200000)
  from space 102400K, 99% used [0x00000000e6200000,0x00000000ec5ffa60,0x00000000ec600000)
  to   space 101376K, 0% used [0x00000000ec700000,0x00000000ec700000,0x00000000f2a00000)
 ParOldGen       total 235008K, used 90173K [0x0000000080000000, 0x000000008e580000, 0x00000000d5580000)
  object space 235008K, 38% used [0x0000000080000000,0x000000008580f5a8,0x000000008e580000)
 Metaspace       used 117549K, capacity 123870K, committed 124160K, reserved 1157120K
  class space    used 15619K, capacity 16804K, committed 16896K, reserved 1048576K
Event: 1493.885 GC heap after
Heap after GC invocations=42 (full 6):
 PSYoungGen      total 376320K, used 101353K [0x00000000d5580000, 0x00000000f2a00000, 0x0000000100000000)
  eden space 274944K, 0% used [0x00000000d5580000,0x00000000d5580000,0x00000000e6200000)
  from space 101376K, 99% used [0x00000000ec700000,0x00000000f29fa420,0x00000000f2a00000)
  to   space 102400K, 0% used [0x00000000e6200000,0x00000000e6200000,0x00000000ec600000)
 ParOldGen       total 235008K, used 134031K [0x0000000080000000, 0x000000008e580000, 0x00000000d5580000)
  object space 235008K, 57% used [0x0000000080000000,0x00000000882e3c48,0x000000008e580000)
 Metaspace       used 117549K, capacity 123870K, committed 124160K, reserved 1157120K
  class space    used 15619K, capacity 16804K, committed 16896K, reserved 1048576K
}

