# JRE version: Java(TM) SE Runtime Environment (8.0_261-b12) (build 1.8.0_261-b12)
# Java VM: Java HotSpot(TM) 64-Bit Server VM (25.261-b12 mixed mode windows-amd64 compressed oops)
Heap:
 PSYoungGen      total 541696K, used 282343K [0x00000000d5580000, 0x00000000fbd00000, 0x0000000100000000)
  eden space 479744K, 46% used [0x00000000d5580000,0x00000000e2e767e8,0x00000000f2a00000)
  from space 61952K, 97% used [0x00000000f7000000,0x00000000faac3700,0x00000000fac80000)
  to   space 71680K, 0% used [0x00000000f2a00000,0x00000000f2a00000,0x00000000f7000000)
 ParOldGen       total 149504K, used 103757K [0x0000000080000000, 0x0000000089200000, 0x00000000d5580000)
  object space 149504K, 69% used [0x0000000080000000,0x00000000865536c8,0x0000000089200000)
 Metaspace       used 118756K, capacity 125652K, committed 125824K, reserved 1159168K
  class space    used 15693K, capacity 16994K, committed 17024K, reserved 1048576K
GC Heap History (10 events):
Event: 532.709 GC heap before
{Heap before GC invocations=22 (full 4):
 PSYoungGen      total 380416K, used 347648K [0x00000000d5580000, 0x00000000f2700000, 0x0000000100000000)
  eden space 347648K, 100% used [0x00000000d5580000,0x00000000ea900000,0x00000000ea900000)
  from space 32768K, 0% used [0x00000000ea900000,0x00000000ea900000,0x00000000ec900000)
  to   space 41472K, 0% used [0x00000000efe80000,0x00000000efe80000,0x00000000f2700000)
 ParOldGen       total 149504K, used 78325K [0x0000000080000000, 0x0000000089200000, 0x00000000d5580000)
  object space 149504K, 52% used [0x0000000080000000,0x0000000084c7d638,0x0000000089200000)
 Metaspace       used 85455K, capacity 89060K, committed 89216K, reserved 1126400K
  class space    used 11224K, capacity 11875K, committed 11904K, reserved 1048576K
Event: 532.939 GC heap after
Heap after GC invocations=22 (full 4):
 PSYoungGen      total 432640K, used 28699K [0x00000000d5580000, 0x00000000f2a00000, 0x0000000100000000)
  eden space 391168K, 0% used [0x00000000d5580000,0x00000000d5580000,0x00000000ed380000)
  from space 41472K, 69% used [0x00000000efe80000,0x00000000f1a86f60,0x00000000f2700000)
  to   space 44032K, 0% used [0x00000000ed380000,0x00000000ed380000,0x00000000efe80000)
 ParOldGen       total 149504K, used 78333K [0x0000000080000000, 0x0000000089200000, 0x00000000d5580000)
  object space 149504K, 52% used [0x0000000080000000,0x0000000084c7f638,0x0000000089200000)
 Metaspace       used 85455K, capacity 89060K, committed 89216K, reserved 1126400K
  class space    used 11224K, capacity 11875K, committed 11904K, reserved 1048576K
}
Event: 539.809 GC heap before
{Heap before GC invocations=23 (full 4):
 PSYoungGen      total 432640K, used 419867K [0x00000000d5580000, 0x00000000f2a00000, 0x0000000100000000)
  eden space 391168K, 100% used [0x00000000d5580000,0x00000000ed380000,0x00000000ed380000)
  from space 41472K, 69% used [0x00000000efe80000,0x00000000f1a86f60,0x00000000f2700000)
  to   space 44032K, 0% used [0x00000000ed380000,0x00000000ed380000,0x00000000efe80000)
 ParOldGen       total 149504K, used 78333K [0x0000000080000000, 0x0000000089200000, 0x00000000d5580000)
  object space 149504K, 52% used [0x0000000080000000,0x0000000084c7f638,0x0000000089200000)
 Metaspace       used 95434K, capacity 100422K, committed 100736K, reserved 1136640K
  class space    used 12682K, capacity 13600K, committed 13696K, reserved 1048576K
Event: 539.973 GC heap after
Heap after GC invocations=23 (full 4):
 PSYoungGen      total 435200K, used 44027K [0x00000000d5580000, 0x00000000f7d00000, 0x0000000100000000)
  eden space 391168K, 0% used [0x00000000d5580000,0x00000000d5580000,0x00000000ed380000)
  from space 44032K, 99% used [0x00000000ed380000,0x00000000efe7ef98,0x00000000efe80000)
  to   space 58368K, 0% used [0x00000000f4400000,0x00000000f4400000,0x00000000f7d00000)
 ParOldGen       total 149504K, used 96948K [0x0000000080000000, 0x0000000089200000, 0x00000000d5580000)
  object space 149504K, 64% used [0x0000000080000000,0x0000000085ead150,0x0000000089200000)
 Metaspace       used 95434K, capacity 100422K, committed 100736K, reserved 1136640K
  class space    used 12682K, capacity 13600K, committed 13696K, reserved 1048576K
}
Event: 1809.658 GC heap before
{Heap before GC invocations=24 (full 4):
 PSYoungGen      total 435200K, used 435195K [0x00000000d5580000, 0x00000000f7d00000, 0x0000000100000000)
  eden space 391168K, 100% used [0x00000000d5580000,0x00000000ed380000,0x00000000ed380000)
  from space 44032K, 99% used [0x00000000ed380000,0x00000000efe7ef98,0x00000000efe80000)
  to   space 58368K, 0% used [0x00000000f4400000,0x00000000f4400000,0x00000000f7d00000)
 ParOldGen       total 149504K, used 96948K [0x0000000080000000, 0x0000000089200000, 0x00000000d5580000)
  object space 149504K, 64% used [0x0000000080000000,0x0000000085ead150,0x0000000089200000)
 Metaspace       used 97880K, capacity 103396K, committed 103680K, reserved 1138688K
  class space    used 12997K, capacity 13987K, committed 14080K, reserved 1048576K
Event: 1810.321 GC heap after
Heap after GC invocations=24 (full 4):
 PSYoungGen      total 481792K, used 15496K [0x00000000d5580000, 0x00000000f6e80000, 0x0000000100000000)
  eden space 438272K, 0% used [0x00000000d5580000,0x00000000d5580000,0x00000000f0180000)
  from space 43520K, 35% used [0x00000000f4400000,0x00000000f53223e0,0x00000000f6e80000)
  to   space 55808K, 0% used [0x00000000f0180000,0x00000000f0180000,0x00000000f3800000)
 ParOldGen       total 149504K, used 103741K [0x0000000080000000, 0x0000000089200000, 0x00000000d5580000)
  object space 149504K, 69% used [0x0000000080000000,0x000000008654f6c8,0x0000000089200000)
 Metaspace       used 97880K, capacity 103396K, committed 103680K, reserved 1138688K
  class space    used 12997K, capacity 13987K, committed 14080K, reserved 1048576K
}
Event: 1959.158 GC heap before
{Heap before GC invocations=25 (full 4):
 PSYoungGen      total 481792K, used 453768K [0x00000000d5580000, 0x00000000f6e80000, 0x0000000100000000)
  eden space 438272K, 100% used [0x00000000d5580000,0x00000000f0180000,0x00000000f0180000)
  from space 43520K, 35% used [0x00000000f4400000,0x00000000f53223e0,0x00000000f6e80000)
  to   space 55808K, 0% used [0x00000000f0180000,0x00000000f0180000,0x00000000f3800000)
 ParOldGen       total 149504K, used 103741K [0x0000000080000000, 0x0000000089200000, 0x00000000d5580000)
  object space 149504K, 69% used [0x0000000080000000,0x000000008654f6c8,0x0000000089200000)
 Metaspace       used 115778K, capacity 122242K, committed 122368K, reserved 1155072K
  class space    used 15388K, capacity 16609K, committed 16640K, reserved 1048576K
Event: 1960.529 GC heap after
Heap after GC invocations=25 (full 4):
 PSYoungGen      total 494080K, used 46811K [0x00000000d5580000, 0x00000000fac80000, 0x0000000100000000)
  eden space 438272K, 0% used [0x00000000d5580000,0x00000000d5580000,0x00000000f0180000)
  from space 55808K, 83% used [0x00000000f0180000,0x00000000f2f36ca8,0x00000000f3800000)
  to   space 61952K, 0% used [0x00000000f7000000,0x00000000f7000000,0x00000000fac80000)
 ParOldGen       total 149504K, used 103749K [0x0000000080000000, 0x0000000089200000, 0x00000000d5580000)
  object space 149504K, 69% used [0x0000000080000000,0x00000000865516c8,0x0000000089200000)
 Metaspace       used 115778K, capacity 122242K, committed 122368K, reserved 1155072K
  class space    used 15388K, capacity 16609K, committed 16640K, reserved 1048576K
}
Event: 1995.592 GC heap before
{Heap before GC invocations=26 (full 4):
 PSYoungGen      total 494080K, used 485083K [0x00000000d5580000, 0x00000000fac80000, 0x0000000100000000)
  eden space 438272K, 100% used [0x00000000d5580000,0x00000000f0180000,0x00000000f0180000)
  from space 55808K, 83% used [0x00000000f0180000,0x00000000f2f36ca8,0x00000000f3800000)
  to   space 61952K, 0% used [0x00000000f7000000,0x00000000f7000000,0x00000000fac80000)
 ParOldGen       total 149504K, used 103749K [0x0000000080000000, 0x0000000089200000, 0x00000000d5580000)
  object space 149504K, 69% used [0x0000000080000000,0x00000000865516c8,0x0000000089200000)
 Metaspace       used 117742K, capacity 124550K, committed 124672K, reserved 1157120K
  class space    used 15578K, capacity 16867K, committed 16896K, reserved 1048576K
Event: 1995.888 GC heap after
Heap after GC invocations=26 (full 4):
 PSYoungGen      total 541696K, used 60173K [0x00000000d5580000, 0x00000000fbd00000, 0x0000000100000000)
  eden space 479744K, 0% used [0x00000000d5580000,0x00000000d5580000,0x00000000f2a00000)
  from space 61952K, 97% used [0x00000000f7000000,0x00000000faac3700,0x00000000fac80000)
  to   space 71680K, 0% used [0x00000000f2a00000,0x00000000f2a00000,0x00000000f7000000)
 ParOldGen       total 149504K, used 103757K [0x0000000080000000, 0x0000000089200000, 0x00000000d5580000)
  object space 149504K, 69% used [0x0000000080000000,0x00000000865536c8,0x0000000089200000)
 Metaspace       used 117742K, capacity 124550K, committed 124672K, reserved 1157120K
  class space    used 15578K, capacity 16867K, committed 16896K, reserved 1048576K
}

